<?xml version="1.0" encoding="UTF-8" ?>
<testsuite tests="3" failures="1" name="auction.service.AuctionMgrTest" time="9.666" errors="2" skipped="0">
  <properties>
[...]
</properties>
  <testcase classname="auction.service.AuctionMgrTest" name="newBid" time="9.219">
    <error type="java.lang.NullPointerException">java.lang.NullPointerException
	at auction.service.AuctionMgrTest.newBid(AuctionMgrTest.java:83)
	at sun.reflect.NativeMethodAccessorImpl.invoke0(Native Method)
	at sun.reflect.NativeMethodAccessorImpl.invoke(NativeMethodAccessorImpl.java:62)
	at sun.reflect.DelegatingMethodAccessorImpl.invoke(DelegatingMethodAccessorImpl.java:43)
	at java.lang.reflect.Method.invoke(Method.java:497)
	at org.junit.runners.model.FrameworkMethod$1.runReflectiveCall(FrameworkMethod.java:47)
	at org.junit.internal.runners.model.ReflectiveCallable.run(ReflectiveCallable.java:12)
	at org.junit.runners.model.FrameworkMethod.invokeExplosively(FrameworkMethod.java:44)
	at org.junit.internal.runners.statements.InvokeMethod.evaluate(InvokeMethod.java:17)
	at org.junit.internal.runners.statements.RunBefores.evaluate(RunBefores.java:26)
	at org.junit.runners.ParentRunner.runLeaf(ParentRunner.java:271)
	at org.junit.runners.BlockJUnit4ClassRunner.runChild(BlockJUnit4ClassRunner.java:70)
	at org.junit.runners.BlockJUnit4ClassRunner.runChild(BlockJUnit4ClassRunner.java:50)
	at org.junit.runners.ParentRunner$3.run(ParentRunner.java:238)
	at org.junit.runners.ParentRunner$1.schedule(ParentRunner.java:63)
	at org.junit.runners.ParentRunner.runChildren(ParentRunner.java:236)
	at org.junit.runners.ParentRunner.access$000(ParentRunner.java:53)
	at org.junit.runners.ParentRunner$2.evaluate(ParentRunner.java:229)
	at org.junit.runners.ParentRunner.run(ParentRunner.java:309)
	at org.apache.maven.surefire.junit4.JUnit4TestSet.execute(JUnit4TestSet.java:53)
	at org.apache.maven.surefire.junit4.JUnit4Provider.executeTestSet(JUnit4Provider.java:123)
	at org.apache.maven.surefire.junit4.JUnit4Provider.invoke(JUnit4Provider.java:104)
	at sun.reflect.NativeMethodAccessorImpl.invoke0(Native Method)
	at sun.reflect.NativeMethodAccessorImpl.invoke(NativeMethodAccessorImpl.java:62)
	at sun.reflect.DelegatingMethodAccessorImpl.invoke(DelegatingMethodAccessorImpl.java:43)
	at java.lang.reflect.Method.invoke(Method.java:497)
	at org.apache.maven.surefire.util.ReflectionUtils.invokeMethodWithArray(ReflectionUtils.java:164)
	at org.apache.maven.surefire.booter.ProviderFactory$ProviderProxy.invoke(ProviderFactory.java:110)
	at org.apache.maven.surefire.booter.SurefireStarter.invokeProvider(SurefireStarter.java:175)
	at org.apache.maven.surefire.booter.SurefireStarter.runSuitesInProcessWhenForked(SurefireStarter.java:107)
	at org.apache.maven.surefire.booter.ForkedBooter.main(ForkedBooter.java:68)
</error>
    <system-out>[EL Config]: metadata: 2016-05-19 16:21:58.573--ServerSession(2056418216)--Thread(Thread[main,5,main])--The access type for the persistent class [class auction.domain.User] is set to [FIELD].
[EL Config]: metadata: 2016-05-19 16:21:58.716--ServerSession(2056418216)--Thread(Thread[main,5,main])--The alias name for the entity class [class auction.domain.User] is being defaulted to: User.
[EL Config]: metadata: 2016-05-19 16:21:58.736--ServerSession(2056418216)--Thread(Thread[main,5,main])--The table name for entity [class auction.domain.User] is being defaulted to: USER.
[EL Config]: metadata: 2016-05-19 16:21:58.9--ServerSession(2056418216)--Thread(Thread[main,5,main])--The column name for element [email] is being defaulted to: EMAIL.
[EL Info]: 2016-05-19 16:22:02.15--ServerSession(2056418216)--Thread(Thread[main,5,main])--EclipseLink, version: Eclipse Persistence Services - 2.5.2.v20140319-9ad6abd
[EL Fine]: connection: 2016-05-19 16:22:03.04--Thread(Thread[main,5,main])--Detected database platform: org.eclipse.persistence.platform.database.MySQLPlatform
[EL Config]: connection: 2016-05-19 16:22:03.082--ServerSession(2056418216)--Connection(1268786037)--Thread(Thread[main,5,main])--connecting(DatabaseLogin(
	platform=&gt;MySQLPlatform
	user name=&gt; &quot;root&quot;
	datasource URL=&gt; &quot;jdbc:mysql://localhost:3306/Opdr2&quot;
))
[EL Config]: connection: 2016-05-19 16:22:03.114--ServerSession(2056418216)--Connection(1760443245)--Thread(Thread[main,5,main])--Connected: jdbc:mysql://localhost:3306/Opdr2
	User: root@localhost
	Database: MySQL  Version: 5.5.42
	Driver: MySQL Connector Java  Version: mysql-connector-java-6.0.2 ( Revision: c6da0fe501ad43d4ed6483b60ea796dc9fbe2d7b )
[EL Info]: connection: 2016-05-19 16:22:03.544--ServerSession(2056418216)--Thread(Thread[main,5,main])--file:/Users/nickbijmoer/Documents/Se42Opdr2/auction/target/classes/_nl.fhict.se42_auction_jar_1.0-SNAPSHOTPU login successful
[EL Fine]: sql: 2016-05-19 16:22:04.539--ServerSession(2056418216)--Connection(1760443245)--Thread(Thread[main,5,main])--SELECT EMAIL FROM USER WHERE (EMAIL = ?)
	bind =&gt; [ss2@nl]
[EL Fine]: sql: 2016-05-19 16:22:04.547--ServerSession(2056418216)--Connection(1760443245)--Thread(Thread[main,5,main])--SELECT EMAIL FROM USER WHERE (EMAIL = ?)
	bind =&gt; [ss2@nl]
[EL Fine]: sql: 2016-05-19 16:22:04.579--ClientSession(977975287)--Connection(1760443245)--Thread(Thread[main,5,main])--INSERT INTO USER (EMAIL) VALUES (?)
	bind =&gt; [ss2@nl]
[EL Fine]: sql: 2016-05-19 16:22:04.594--ServerSession(2056418216)--Connection(1760443245)--Thread(Thread[main,5,main])--SELECT EMAIL FROM USER WHERE (EMAIL = ?)
	bind =&gt; [bb@nl]
[EL Fine]: sql: 2016-05-19 16:22:04.598--ServerSession(2056418216)--Connection(1760443245)--Thread(Thread[main,5,main])--SELECT EMAIL FROM USER WHERE (EMAIL = ?)
	bind =&gt; [bb@nl]
[EL Fine]: sql: 2016-05-19 16:22:04.603--ClientSession(977975287)--Connection(1760443245)--Thread(Thread[main,5,main])--INSERT INTO USER (EMAIL) VALUES (?)
	bind =&gt; [bb@nl]
[EL Fine]: sql: 2016-05-19 16:22:04.609--ServerSession(2056418216)--Connection(1760443245)--Thread(Thread[main,5,main])--SELECT EMAIL FROM USER WHERE (EMAIL = ?)
	bind =&gt; [bb2@nl]
[EL Fine]: sql: 2016-05-19 16:22:04.612--ServerSession(2056418216)--Connection(1760443245)--Thread(Thread[main,5,main])--SELECT EMAIL FROM USER WHERE (EMAIL = ?)
	bind =&gt; [bb2@nl]
[EL Fine]: sql: 2016-05-19 16:22:04.615--ClientSession(977975287)--Connection(1760443245)--Thread(Thread[main,5,main])--INSERT INTO USER (EMAIL) VALUES (?)
	bind =&gt; [bb2@nl]
</system-out>
    <system-err>Loading class `com.mysql.jdbc.Driver&apos;. This is deprecated. The new driver class is `com.mysql.cj.jdbc.Driver&apos;. The driver is automatically registered via the SPI and manual loading of the driver class is generally unnecessary.
Thu May 19 16:22:02 CEST 2016 WARN: Establishing SSL connection without server&apos;s identity verification is not recommended. According to MySQL 5.5.45+, 5.6.26+ and 5.7.6+ requirements SSL connection must be established by default if explicit option isn&apos;t set. For compliance with existing applications not using SSL the verifyServerCertificate property is set to &apos;false&apos;. You need either to explicitly disable SSL by setting useSSL=false, or set useSSL=true and provide truststore for server certificate verification.
Thu May 19 16:22:03 CEST 2016 WARN: Establishing SSL connection without server&apos;s identity verification is not recommended. According to MySQL 5.5.45+, 5.6.26+ and 5.7.6+ requirements SSL connection must be established by default if explicit option isn&apos;t set. For compliance with existing applications not using SSL the verifyServerCertificate property is set to &apos;false&apos;. You need either to explicitly disable SSL by setting useSSL=false, or set useSSL=true and provide truststore for server certificate verification.
</system-err>
  </testcase>
  <testcase classname="auction.service.AuctionMgrTest" name="getItem" time="0.064">
    <error type="java.lang.NullPointerException">java.lang.NullPointerException
	at auction.service.AuctionMgrTest.getItem(AuctionMgrTest.java:42)
	at sun.reflect.NativeMethodAccessorImpl.invoke0(Native Method)
	at sun.reflect.NativeMethodAccessorImpl.invoke(NativeMethodAccessorImpl.java:62)
	at sun.reflect.DelegatingMethodAccessorImpl.invoke(DelegatingMethodAccessorImpl.java:43)
	at java.lang.reflect.Method.invoke(Method.java:497)
	at org.junit.runners.model.FrameworkMethod$1.runReflectiveCall(FrameworkMethod.java:47)
	at org.junit.internal.runners.model.ReflectiveCallable.run(ReflectiveCallable.java:12)
	at org.junit.runners.model.FrameworkMethod.invokeExplosively(FrameworkMethod.java:44)
	at org.junit.internal.runners.statements.InvokeMethod.evaluate(InvokeMethod.java:17)
	at org.junit.internal.runners.statements.RunBefores.evaluate(RunBefores.java:26)
	at org.junit.runners.ParentRunner.runLeaf(ParentRunner.java:271)
	at org.junit.runners.BlockJUnit4ClassRunner.runChild(BlockJUnit4ClassRunner.java:70)
	at org.junit.runners.BlockJUnit4ClassRunner.runChild(BlockJUnit4ClassRunner.java:50)
	at org.junit.runners.ParentRunner$3.run(ParentRunner.java:238)
	at org.junit.runners.ParentRunner$1.schedule(ParentRunner.java:63)
	at org.junit.runners.ParentRunner.runChildren(ParentRunner.java:236)
	at org.junit.runners.ParentRunner.access$000(ParentRunner.java:53)
	at org.junit.runners.ParentRunner$2.evaluate(ParentRunner.java:229)
	at org.junit.runners.ParentRunner.run(ParentRunner.java:309)
	at org.apache.maven.surefire.junit4.JUnit4TestSet.execute(JUnit4TestSet.java:53)
	at org.apache.maven.surefire.junit4.JUnit4Provider.executeTestSet(JUnit4Provider.java:123)
	at org.apache.maven.surefire.junit4.JUnit4Provider.invoke(JUnit4Provider.java:104)
	at sun.reflect.NativeMethodAccessorImpl.invoke0(Native Method)
	at sun.reflect.NativeMethodAccessorImpl.invoke(NativeMethodAccessorImpl.java:62)
	at sun.reflect.DelegatingMethodAccessorImpl.invoke(DelegatingMethodAccessorImpl.java:43)
	at java.lang.reflect.Method.invoke(Method.java:497)
	at org.apache.maven.surefire.util.ReflectionUtils.invokeMethodWithArray(ReflectionUtils.java:164)
	at org.apache.maven.surefire.booter.ProviderFactory$ProviderProxy.invoke(ProviderFactory.java:110)
	at org.apache.maven.surefire.booter.SurefireStarter.invokeProvider(SurefireStarter.java:175)
	at org.apache.maven.surefire.booter.SurefireStarter.runSuitesInProcessWhenForked(SurefireStarter.java:107)
	at org.apache.maven.surefire.booter.ForkedBooter.main(ForkedBooter.java:68)
</error>
    <system-out>[EL Fine]: sql: 2016-05-19 16:22:04.694--ServerSession(2056418216)--Connection(1760443245)--Thread(Thread[main,5,main])--SELECT EMAIL FROM USER WHERE (EMAIL = ?)
	bind =&gt; [xx2@nl]
[EL Fine]: sql: 2016-05-19 16:22:04.704--ServerSession(2056418216)--Connection(1760443245)--Thread(Thread[main,5,main])--SELECT EMAIL FROM USER WHERE (EMAIL = ?)
	bind =&gt; [xx2@nl]
[EL Fine]: sql: 2016-05-19 16:22:04.712--ClientSession(1090160486)--Connection(1760443245)--Thread(Thread[main,5,main])--INSERT INTO USER (EMAIL) VALUES (?)
	bind =&gt; [xx2@nl]
</system-out>
  </testcase>
  <testcase classname="auction.service.AuctionMgrTest" name="findItemByDescription" time="0.104">
    <failure message="expected:&lt;2&gt; but was:&lt;0&gt;" type="java.lang.AssertionError">java.lang.AssertionError: expected:&lt;2&gt; but was:&lt;0&gt;
	at org.junit.Assert.fail(Assert.java:88)
	at org.junit.Assert.failNotEquals(Assert.java:743)
	at org.junit.Assert.assertEquals(Assert.java:118)
	at org.junit.Assert.assertEquals(Assert.java:555)
	at org.junit.Assert.assertEquals(Assert.java:542)
	at auction.service.AuctionMgrTest.findItemByDescription(AuctionMgrTest.java:64)
	at sun.reflect.NativeMethodAccessorImpl.invoke0(Native Method)
	at sun.reflect.NativeMethodAccessorImpl.invoke(NativeMethodAccessorImpl.java:62)
	at sun.reflect.DelegatingMethodAccessorImpl.invoke(DelegatingMethodAccessorImpl.java:43)
	at java.lang.reflect.Method.invoke(Method.java:497)
	at org.junit.runners.model.FrameworkMethod$1.runReflectiveCall(FrameworkMethod.java:47)
	at org.junit.internal.runners.model.ReflectiveCallable.run(ReflectiveCallable.java:12)
	at org.junit.runners.model.FrameworkMethod.invokeExplosively(FrameworkMethod.java:44)
	at org.junit.internal.runners.statements.InvokeMethod.evaluate(InvokeMethod.java:17)
	at org.junit.internal.runners.statements.RunBefores.evaluate(RunBefores.java:26)
	at org.junit.runners.ParentRunner.runLeaf(ParentRunner.java:271)
	at org.junit.runners.BlockJUnit4ClassRunner.runChild(BlockJUnit4ClassRunner.java:70)
	at org.junit.runners.BlockJUnit4ClassRunner.runChild(BlockJUnit4ClassRunner.java:50)
	at org.junit.runners.ParentRunner$3.run(ParentRunner.java:238)
	at org.junit.runners.ParentRunner$1.schedule(ParentRunner.java:63)
	at org.junit.runners.ParentRunner.runChildren(ParentRunner.java:236)
	at org.junit.runners.ParentRunner.access$000(ParentRunner.java:53)
	at org.junit.runners.ParentRunner$2.evaluate(ParentRunner.java:229)
	at org.junit.runners.ParentRunner.run(ParentRunner.java:309)
	at org.apache.maven.surefire.junit4.JUnit4TestSet.execute(JUnit4TestSet.java:53)
	at org.apache.maven.surefire.junit4.JUnit4Provider.executeTestSet(JUnit4Provider.java:123)
	at org.apache.maven.surefire.junit4.JUnit4Provider.invoke(JUnit4Provider.java:104)
	at sun.reflect.NativeMethodAccessorImpl.invoke0(Native Method)
	at sun.reflect.NativeMethodAccessorImpl.invoke(NativeMethodAccessorImpl.java:62)
	at sun.reflect.DelegatingMethodAccessorImpl.invoke(DelegatingMethodAccessorImpl.java:43)
	at java.lang.reflect.Method.invoke(Method.java:497)
	at org.apache.maven.surefire.util.ReflectionUtils.invokeMethodWithArray(ReflectionUtils.java:164)
	at org.apache.maven.surefire.booter.ProviderFactory$ProviderProxy.invoke(ProviderFactory.java:110)
	at org.apache.maven.surefire.booter.SurefireStarter.invokeProvider(SurefireStarter.java:175)
	at org.apache.maven.surefire.booter.SurefireStarter.runSuitesInProcessWhenForked(SurefireStarter.java:107)
	at org.apache.maven.surefire.booter.ForkedBooter.main(ForkedBooter.java:68)
</failure>
    <system-out>[EL Fine]: sql: 2016-05-19 16:22:04.778--ServerSession(2056418216)--Connection(1760443245)--Thread(Thread[main,5,main])--SELECT EMAIL FROM USER WHERE (EMAIL = ?)
	bind =&gt; [xx3@nl]
[EL Fine]: sql: 2016-05-19 16:22:04.786--ServerSession(2056418216)--Connection(1760443245)--Thread(Thread[main,5,main])--SELECT EMAIL FROM USER WHERE (EMAIL = ?)
	bind =&gt; [xx3@nl]
[EL Fine]: sql: 2016-05-19 16:22:04.803--ClientSession(1637411253)--Connection(1760443245)--Thread(Thread[main,5,main])--INSERT INTO USER (EMAIL) VALUES (?)
	bind =&gt; [xx3@nl]
[EL Fine]: sql: 2016-05-19 16:22:04.814--ServerSession(2056418216)--Connection(1760443245)--Thread(Thread[main,5,main])--SELECT EMAIL FROM USER WHERE (EMAIL = ?)
	bind =&gt; [xx4@nl]
[EL Fine]: sql: 2016-05-19 16:22:04.818--ServerSession(2056418216)--Connection(1760443245)--Thread(Thread[main,5,main])--SELECT EMAIL FROM USER WHERE (EMAIL = ?)
	bind =&gt; [xx4@nl]
[EL Fine]: sql: 2016-05-19 16:22:04.826--ClientSession(1637411253)--Connection(1760443245)--Thread(Thread[main,5,main])--INSERT INTO USER (EMAIL) VALUES (?)
	bind =&gt; [xx4@nl]
</system-out>
  </testcase>
</testsuite>