<?xml version="1.0" encoding="UTF-8" ?>
<testsuite tests="3" failures="0" name="auction.service.RegistrationMgrTest" time="1" errors="3" skipped="0">
  <properties>
[...]
</properties>
  <testcase classname="auction.service.RegistrationMgrTest" name="registerUser" time="0.745">
    <error message="
Exception Description: An exception was thrown while searching for persistence archives with ClassLoader: sun.misc.Launcher$AppClassLoader@12a3a380
Internal Exception: javax.persistence.PersistenceException: Exception [EclipseLink-28018] (Eclipse Persistence Services - 2.5.2.v20140319-9ad6abd): org.eclipse.persistence.exceptions.EntityManagerSetupException
Exception Description: Predeployment of PersistenceUnit [nl.fhict.se42_auction_jar_1.0-SNAPSHOTPU] failed.
Internal Exception: Exception [EclipseLink-7155] (Eclipse Persistence Services - 2.5.2.v20140319-9ad6abd): org.eclipse.persistence.exceptions.ValidationException
Exception Description: The type [class nl.fontys.util.FontysTime] for the attribute [time] on the entity class [class auction.domain.Bid] is not a valid type for a serialized mapping. The attribute type must implement the Serializable interface." type="Local Exception Stack">Local Exception Stack: 
Exception [EclipseLink-30005] (Eclipse Persistence Services - 2.5.2.v20140319-9ad6abd): org.eclipse.persistence.exceptions.PersistenceUnitLoadingException
Exception Description: An exception was thrown while searching for persistence archives with ClassLoader: sun.misc.Launcher$AppClassLoader@12a3a380
Internal Exception: javax.persistence.PersistenceException: Exception [EclipseLink-28018] (Eclipse Persistence Services - 2.5.2.v20140319-9ad6abd): org.eclipse.persistence.exceptions.EntityManagerSetupException
Exception Description: Predeployment of PersistenceUnit [nl.fhict.se42_auction_jar_1.0-SNAPSHOTPU] failed.
Internal Exception: Exception [EclipseLink-7155] (Eclipse Persistence Services - 2.5.2.v20140319-9ad6abd): org.eclipse.persistence.exceptions.ValidationException
Exception Description: The type [class nl.fontys.util.FontysTime] for the attribute [time] on the entity class [class auction.domain.Bid] is not a valid type for a serialized mapping. The attribute type must implement the Serializable interface.
	at org.eclipse.persistence.exceptions.PersistenceUnitLoadingException.exceptionSearchingForPersistenceResources(PersistenceUnitLoadingException.java:127)
	at org.eclipse.persistence.jpa.PersistenceProvider.createEntityManagerFactoryImpl(PersistenceProvider.java:107)
	at org.eclipse.persistence.jpa.PersistenceProvider.createEntityManagerFactory(PersistenceProvider.java:177)
	at javax.persistence.Persistence.createEntityManagerFactory(Persistence.java:79)
	at javax.persistence.Persistence.createEntityManagerFactory(Persistence.java:54)
	at auction.dao.UserDAOJPAImpl.&lt;init&gt;(UserDAOJPAImpl.java:16)
	at auction.service.RegistrationMgr.&lt;init&gt;(RegistrationMgr.java:14)
	at auction.service.RegistrationMgrTest.setUp(RegistrationMgrTest.java:22)
	at sun.reflect.NativeMethodAccessorImpl.invoke0(Native Method)
	at sun.reflect.NativeMethodAccessorImpl.invoke(NativeMethodAccessorImpl.java:62)
	at sun.reflect.DelegatingMethodAccessorImpl.invoke(DelegatingMethodAccessorImpl.java:43)
	at java.lang.reflect.Method.invoke(Method.java:497)
	at org.junit.runners.model.FrameworkMethod$1.runReflectiveCall(FrameworkMethod.java:47)
	at org.junit.internal.runners.model.ReflectiveCallable.run(ReflectiveCallable.java:12)
	at org.junit.runners.model.FrameworkMethod.invokeExplosively(FrameworkMethod.java:44)
	at org.junit.internal.runners.statements.RunBefores.evaluate(RunBefores.java:24)
	at org.junit.runners.ParentRunner.runLeaf(ParentRunner.java:271)
	at org.junit.runners.BlockJUnit4ClassRunner.runChild(BlockJUnit4ClassRunner.java:70)
	at org.junit.runners.BlockJUnit4ClassRunner.runChild(BlockJUnit4ClassRunner.java:50)
	at org.junit.runners.ParentRunner$3.run(ParentRunner.java:238)
	at org.junit.runners.ParentRunner$1.schedule(ParentRunner.java:63)
	at org.junit.runners.ParentRunner.runChildren(ParentRunner.java:236)
	at org.junit.runners.ParentRunner.access$000(ParentRunner.java:53)
	at org.junit.runners.ParentRunner$2.evaluate(ParentRunner.java:229)
	at org.junit.runners.ParentRunner.run(ParentRunner.java:309)
	at org.apache.maven.surefire.junit4.JUnit4TestSet.execute(JUnit4TestSet.java:53)
	at org.apache.maven.surefire.junit4.JUnit4Provider.executeTestSet(JUnit4Provider.java:123)
	at org.apache.maven.surefire.junit4.JUnit4Provider.invoke(JUnit4Provider.java:104)
	at sun.reflect.NativeMethodAccessorImpl.invoke0(Native Method)
	at sun.reflect.NativeMethodAccessorImpl.invoke(NativeMethodAccessorImpl.java:62)
	at sun.reflect.DelegatingMethodAccessorImpl.invoke(DelegatingMethodAccessorImpl.java:43)
	at java.lang.reflect.Method.invoke(Method.java:497)
	at org.apache.maven.surefire.util.ReflectionUtils.invokeMethodWithArray(ReflectionUtils.java:164)
	at org.apache.maven.surefire.booter.ProviderFactory$ProviderProxy.invoke(ProviderFactory.java:110)
	at org.apache.maven.surefire.booter.SurefireStarter.invokeProvider(SurefireStarter.java:175)
	at org.apache.maven.surefire.booter.SurefireStarter.runSuitesInProcessWhenForked(SurefireStarter.java:107)
	at org.apache.maven.surefire.booter.ForkedBooter.main(ForkedBooter.java:68)
Caused by: javax.persistence.PersistenceException: Exception [EclipseLink-28018] (Eclipse Persistence Services - 2.5.2.v20140319-9ad6abd): org.eclipse.persistence.exceptions.EntityManagerSetupException
Exception Description: Predeployment of PersistenceUnit [nl.fhict.se42_auction_jar_1.0-SNAPSHOTPU] failed.
Internal Exception: Exception [EclipseLink-7155] (Eclipse Persistence Services - 2.5.2.v20140319-9ad6abd): org.eclipse.persistence.exceptions.ValidationException
Exception Description: The type [class nl.fontys.util.FontysTime] for the attribute [time] on the entity class [class auction.domain.Bid] is not a valid type for a serialized mapping. The attribute type must implement the Serializable interface.
	at org.eclipse.persistence.internal.jpa.EntityManagerSetupImpl.createPredeployFailedPersistenceException(EntityManagerSetupImpl.java:1954)
	at org.eclipse.persistence.internal.jpa.EntityManagerSetupImpl.predeploy(EntityManagerSetupImpl.java:1945)
	at org.eclipse.persistence.internal.jpa.deployment.JPAInitializer.callPredeploy(JPAInitializer.java:98)
	at org.eclipse.persistence.jpa.PersistenceProvider.createEntityManagerFactoryImpl(PersistenceProvider.java:96)
	... 35 more
Caused by: Exception [EclipseLink-28018] (Eclipse Persistence Services - 2.5.2.v20140319-9ad6abd): org.eclipse.persistence.exceptions.EntityManagerSetupException
Exception Description: Predeployment of PersistenceUnit [nl.fhict.se42_auction_jar_1.0-SNAPSHOTPU] failed.
Internal Exception: Exception [EclipseLink-7155] (Eclipse Persistence Services - 2.5.2.v20140319-9ad6abd): org.eclipse.persistence.exceptions.ValidationException
Exception Description: The type [class nl.fontys.util.FontysTime] for the attribute [time] on the entity class [class auction.domain.Bid] is not a valid type for a serialized mapping. The attribute type must implement the Serializable interface.
	at org.eclipse.persistence.exceptions.EntityManagerSetupException.predeployFailed(EntityManagerSetupException.java:230)
	... 39 more
Caused by: Exception [EclipseLink-7155] (Eclipse Persistence Services - 2.5.2.v20140319-9ad6abd): org.eclipse.persistence.exceptions.ValidationException
Exception Description: The type [class nl.fontys.util.FontysTime] for the attribute [time] on the entity class [class auction.domain.Bid] is not a valid type for a serialized mapping. The attribute type must implement the Serializable interface.
	at org.eclipse.persistence.exceptions.ValidationException.invalidTypeForSerializedAttribute(ValidationException.java:1139)
	at org.eclipse.persistence.internal.jpa.metadata.converters.SerializedMetadata.process(SerializedMetadata.java:99)
	at org.eclipse.persistence.internal.jpa.metadata.accessors.mappings.MappingAccessor.processSerialized(MappingAccessor.java:1948)
	at org.eclipse.persistence.internal.jpa.metadata.accessors.mappings.MappingAccessor.processMappingConverter(MappingAccessor.java:1775)
	at org.eclipse.persistence.internal.jpa.metadata.accessors.mappings.MappingAccessor.processMappingValueConverter(MappingAccessor.java:1796)
	at org.eclipse.persistence.internal.jpa.metadata.accessors.mappings.BasicAccessor.process(BasicAccessor.java:419)
	at org.eclipse.persistence.internal.jpa.metadata.MetadataDescriptor.processMappingAccessors(MetadataDescriptor.java:1536)
	at org.eclipse.persistence.internal.jpa.metadata.accessors.classes.ClassAccessor.processMappingAccessors(ClassAccessor.java:1648)
	at org.eclipse.persistence.internal.jpa.metadata.accessors.classes.EntityAccessor.processMappingAccessors(EntityAccessor.java:1234)
	at org.eclipse.persistence.internal.jpa.metadata.accessors.classes.EntityAccessor.process(EntityAccessor.java:697)
	at org.eclipse.persistence.internal.jpa.metadata.MetadataProject.processStage2(MetadataProject.java:1793)
	at org.eclipse.persistence.internal.jpa.metadata.MetadataProcessor.processORMMetadata(MetadataProcessor.java:576)
	at org.eclipse.persistence.internal.jpa.deployment.PersistenceUnitProcessor.processORMetadata(PersistenceUnitProcessor.java:585)
	at org.eclipse.persistence.internal.jpa.EntityManagerSetupImpl.predeploy(EntityManagerSetupImpl.java:1869)
	... 37 more
</error>
    <system-out>[EL Config]: metadata: 2016-05-20 23:45:00.574--ServerSession(632249781)--Thread(Thread[main,5,main])--The access type for the persistent class [class auction.domain.Bid] is set to [FIELD].
[EL Config]: metadata: 2016-05-20 23:45:00.615--ServerSession(632249781)--Thread(Thread[main,5,main])--The target entity (reference) class for the many to one mapping element [field buyer] is being defaulted to: class auction.domain.User.
[EL Config]: metadata: 2016-05-20 23:45:00.615--ServerSession(632249781)--Thread(Thread[main,5,main])--The access type for the persistent class [class auction.domain.Item] is set to [FIELD].
[EL Config]: metadata: 2016-05-20 23:45:00.616--ServerSession(632249781)--Thread(Thread[main,5,main])--The target entity (reference) class for the many to one mapping element [field seller] is being defaulted to: class auction.domain.User.
[EL Config]: metadata: 2016-05-20 23:45:00.617--ServerSession(632249781)--Thread(Thread[main,5,main])--The target entity (reference) class for the one to one mapping element [field highest] is being defaulted to: class auction.domain.Bid.
[EL Config]: metadata: 2016-05-20 23:45:00.619--ServerSession(632249781)--Thread(Thread[main,5,main])--The target entity (reference) class for the many to one mapping element [field category] is being defaulted to: class auction.domain.Category.
[EL Config]: metadata: 2016-05-20 23:45:00.62--ServerSession(632249781)--Thread(Thread[main,5,main])--The access type for the persistent class [class auction.domain.User] is set to [FIELD].
[EL Config]: metadata: 2016-05-20 23:45:00.62--ServerSession(632249781)--Thread(Thread[main,5,main])--The access type for the persistent class [class auction.domain.Category] is set to [FIELD].
[EL Config]: metadata: 2016-05-20 23:45:00.627--ServerSession(632249781)--Thread(Thread[main,5,main])--The target entity (reference) class for the one to many mapping element [field items] is being defaulted to: class auction.domain.Item.
[EL Config]: metadata: 2016-05-20 23:45:00.628--ServerSession(632249781)--Thread(Thread[main,5,main])--The alias name for the entity class [class auction.domain.Bid] is being defaulted to: Bid.
[EL Config]: metadata: 2016-05-20 23:45:00.632--ServerSession(632249781)--Thread(Thread[main,5,main])--The table name for entity [class auction.domain.Bid] is being defaulted to: BID.
[EL Config]: metadata: 2016-05-20 23:45:00.651--ServerSession(632249781)--Thread(Thread[main,5,main])--The column name for element [amount] is being defaulted to: AMOUNT.
[EL Config]: metadata: 2016-05-20 23:45:00.656--ServerSession(632249781)--Thread(Thread[main,5,main])--The column name for element [id] is being defaulted to: ID.
[EL Config]: metadata: 2016-05-20 23:45:00.657--ServerSession(632249781)--Thread(Thread[main,5,main])--The column name for element [time] is being defaulted to: TIME.
</system-out>
  </testcase>
  <testcase classname="auction.service.RegistrationMgrTest" name="getUser" time="0.112">
    <error message="
Exception Description: An exception was thrown while searching for persistence archives with ClassLoader: sun.misc.Launcher$AppClassLoader@12a3a380
Internal Exception: javax.persistence.PersistenceException: Exception [EclipseLink-28018] (Eclipse Persistence Services - 2.5.2.v20140319-9ad6abd): org.eclipse.persistence.exceptions.EntityManagerSetupException
Exception Description: Predeployment of PersistenceUnit [nl.fhict.se42_auction_jar_1.0-SNAPSHOTPU] failed.
Internal Exception: Exception [EclipseLink-7155] (Eclipse Persistence Services - 2.5.2.v20140319-9ad6abd): org.eclipse.persistence.exceptions.ValidationException
Exception Description: The type [class nl.fontys.util.FontysTime] for the attribute [time] on the entity class [class auction.domain.Bid] is not a valid type for a serialized mapping. The attribute type must implement the Serializable interface." type="Local Exception Stack">Local Exception Stack: 
Exception [EclipseLink-30005] (Eclipse Persistence Services - 2.5.2.v20140319-9ad6abd): org.eclipse.persistence.exceptions.PersistenceUnitLoadingException
Exception Description: An exception was thrown while searching for persistence archives with ClassLoader: sun.misc.Launcher$AppClassLoader@12a3a380
Internal Exception: javax.persistence.PersistenceException: Exception [EclipseLink-28018] (Eclipse Persistence Services - 2.5.2.v20140319-9ad6abd): org.eclipse.persistence.exceptions.EntityManagerSetupException
Exception Description: Predeployment of PersistenceUnit [nl.fhict.se42_auction_jar_1.0-SNAPSHOTPU] failed.
Internal Exception: Exception [EclipseLink-7155] (Eclipse Persistence Services - 2.5.2.v20140319-9ad6abd): org.eclipse.persistence.exceptions.ValidationException
Exception Description: The type [class nl.fontys.util.FontysTime] for the attribute [time] on the entity class [class auction.domain.Bid] is not a valid type for a serialized mapping. The attribute type must implement the Serializable interface.
	at org.eclipse.persistence.exceptions.PersistenceUnitLoadingException.exceptionSearchingForPersistenceResources(PersistenceUnitLoadingException.java:127)
	at org.eclipse.persistence.jpa.PersistenceProvider.createEntityManagerFactoryImpl(PersistenceProvider.java:107)
	at org.eclipse.persistence.jpa.PersistenceProvider.createEntityManagerFactory(PersistenceProvider.java:177)
	at javax.persistence.Persistence.createEntityManagerFactory(Persistence.java:79)
	at javax.persistence.Persistence.createEntityManagerFactory(Persistence.java:54)
	at auction.dao.UserDAOJPAImpl.&lt;init&gt;(UserDAOJPAImpl.java:16)
	at auction.service.RegistrationMgr.&lt;init&gt;(RegistrationMgr.java:14)
	at auction.service.RegistrationMgrTest.setUp(RegistrationMgrTest.java:22)
	at sun.reflect.NativeMethodAccessorImpl.invoke0(Native Method)
	at sun.reflect.NativeMethodAccessorImpl.invoke(NativeMethodAccessorImpl.java:62)
	at sun.reflect.DelegatingMethodAccessorImpl.invoke(DelegatingMethodAccessorImpl.java:43)
	at java.lang.reflect.Method.invoke(Method.java:497)
	at org.junit.runners.model.FrameworkMethod$1.runReflectiveCall(FrameworkMethod.java:47)
	at org.junit.internal.runners.model.ReflectiveCallable.run(ReflectiveCallable.java:12)
	at org.junit.runners.model.FrameworkMethod.invokeExplosively(FrameworkMethod.java:44)
	at org.junit.internal.runners.statements.RunBefores.evaluate(RunBefores.java:24)
	at org.junit.runners.ParentRunner.runLeaf(ParentRunner.java:271)
	at org.junit.runners.BlockJUnit4ClassRunner.runChild(BlockJUnit4ClassRunner.java:70)
	at org.junit.runners.BlockJUnit4ClassRunner.runChild(BlockJUnit4ClassRunner.java:50)
	at org.junit.runners.ParentRunner$3.run(ParentRunner.java:238)
	at org.junit.runners.ParentRunner$1.schedule(ParentRunner.java:63)
	at org.junit.runners.ParentRunner.runChildren(ParentRunner.java:236)
	at org.junit.runners.ParentRunner.access$000(ParentRunner.java:53)
	at org.junit.runners.ParentRunner$2.evaluate(ParentRunner.java:229)
	at org.junit.runners.ParentRunner.run(ParentRunner.java:309)
	at org.apache.maven.surefire.junit4.JUnit4TestSet.execute(JUnit4TestSet.java:53)
	at org.apache.maven.surefire.junit4.JUnit4Provider.executeTestSet(JUnit4Provider.java:123)
	at org.apache.maven.surefire.junit4.JUnit4Provider.invoke(JUnit4Provider.java:104)
	at sun.reflect.NativeMethodAccessorImpl.invoke0(Native Method)
	at sun.reflect.NativeMethodAccessorImpl.invoke(NativeMethodAccessorImpl.java:62)
	at sun.reflect.DelegatingMethodAccessorImpl.invoke(DelegatingMethodAccessorImpl.java:43)
	at java.lang.reflect.Method.invoke(Method.java:497)
	at org.apache.maven.surefire.util.ReflectionUtils.invokeMethodWithArray(ReflectionUtils.java:164)
	at org.apache.maven.surefire.booter.ProviderFactory$ProviderProxy.invoke(ProviderFactory.java:110)
	at org.apache.maven.surefire.booter.SurefireStarter.invokeProvider(SurefireStarter.java:175)
	at org.apache.maven.surefire.booter.SurefireStarter.runSuitesInProcessWhenForked(SurefireStarter.java:107)
	at org.apache.maven.surefire.booter.ForkedBooter.main(ForkedBooter.java:68)
Caused by: javax.persistence.PersistenceException: Exception [EclipseLink-28018] (Eclipse Persistence Services - 2.5.2.v20140319-9ad6abd): org.eclipse.persistence.exceptions.EntityManagerSetupException
Exception Description: Predeployment of PersistenceUnit [nl.fhict.se42_auction_jar_1.0-SNAPSHOTPU] failed.
Internal Exception: Exception [EclipseLink-7155] (Eclipse Persistence Services - 2.5.2.v20140319-9ad6abd): org.eclipse.persistence.exceptions.ValidationException
Exception Description: The type [class nl.fontys.util.FontysTime] for the attribute [time] on the entity class [class auction.domain.Bid] is not a valid type for a serialized mapping. The attribute type must implement the Serializable interface.
	at org.eclipse.persistence.internal.jpa.EntityManagerSetupImpl.createPredeployFailedPersistenceException(EntityManagerSetupImpl.java:1954)
	at org.eclipse.persistence.internal.jpa.EntityManagerSetupImpl.predeploy(EntityManagerSetupImpl.java:1945)
	at org.eclipse.persistence.internal.jpa.deployment.JPAInitializer.callPredeploy(JPAInitializer.java:98)
	at org.eclipse.persistence.jpa.PersistenceProvider.createEntityManagerFactoryImpl(PersistenceProvider.java:96)
	... 35 more
Caused by: Exception [EclipseLink-28018] (Eclipse Persistence Services - 2.5.2.v20140319-9ad6abd): org.eclipse.persistence.exceptions.EntityManagerSetupException
Exception Description: Predeployment of PersistenceUnit [nl.fhict.se42_auction_jar_1.0-SNAPSHOTPU] failed.
Internal Exception: Exception [EclipseLink-7155] (Eclipse Persistence Services - 2.5.2.v20140319-9ad6abd): org.eclipse.persistence.exceptions.ValidationException
Exception Description: The type [class nl.fontys.util.FontysTime] for the attribute [time] on the entity class [class auction.domain.Bid] is not a valid type for a serialized mapping. The attribute type must implement the Serializable interface.
	at org.eclipse.persistence.exceptions.EntityManagerSetupException.predeployFailed(EntityManagerSetupException.java:230)
	... 39 more
Caused by: Exception [EclipseLink-7155] (Eclipse Persistence Services - 2.5.2.v20140319-9ad6abd): org.eclipse.persistence.exceptions.ValidationException
Exception Description: The type [class nl.fontys.util.FontysTime] for the attribute [time] on the entity class [class auction.domain.Bid] is not a valid type for a serialized mapping. The attribute type must implement the Serializable interface.
	at org.eclipse.persistence.exceptions.ValidationException.invalidTypeForSerializedAttribute(ValidationException.java:1139)
	at org.eclipse.persistence.internal.jpa.metadata.converters.SerializedMetadata.process(SerializedMetadata.java:99)
	at org.eclipse.persistence.internal.jpa.metadata.accessors.mappings.MappingAccessor.processSerialized(MappingAccessor.java:1948)
	at org.eclipse.persistence.internal.jpa.metadata.accessors.mappings.MappingAccessor.processMappingConverter(MappingAccessor.java:1775)
	at org.eclipse.persistence.internal.jpa.metadata.accessors.mappings.MappingAccessor.processMappingValueConverter(MappingAccessor.java:1796)
	at org.eclipse.persistence.internal.jpa.metadata.accessors.mappings.BasicAccessor.process(BasicAccessor.java:419)
	at org.eclipse.persistence.internal.jpa.metadata.MetadataDescriptor.processMappingAccessors(MetadataDescriptor.java:1536)
	at org.eclipse.persistence.internal.jpa.metadata.accessors.classes.ClassAccessor.processMappingAccessors(ClassAccessor.java:1648)
	at org.eclipse.persistence.internal.jpa.metadata.accessors.classes.EntityAccessor.processMappingAccessors(EntityAccessor.java:1234)
	at org.eclipse.persistence.internal.jpa.metadata.accessors.classes.EntityAccessor.process(EntityAccessor.java:697)
	at org.eclipse.persistence.internal.jpa.metadata.MetadataProject.processStage2(MetadataProject.java:1793)
	at org.eclipse.persistence.internal.jpa.metadata.MetadataProcessor.processORMMetadata(MetadataProcessor.java:576)
	at org.eclipse.persistence.internal.jpa.deployment.PersistenceUnitProcessor.processORMetadata(PersistenceUnitProcessor.java:585)
	at org.eclipse.persistence.internal.jpa.EntityManagerSetupImpl.predeploy(EntityManagerSetupImpl.java:1869)
	... 37 more
</error>
    <system-out>[EL Config]: metadata: 2016-05-20 23:45:00.74--ServerSession(1308109015)--Thread(Thread[main,5,main])--The access type for the persistent class [class auction.domain.Bid] is set to [FIELD].
[EL Config]: metadata: 2016-05-20 23:45:00.741--ServerSession(1308109015)--Thread(Thread[main,5,main])--The target entity (reference) class for the many to one mapping element [field buyer] is being defaulted to: class auction.domain.User.
[EL Config]: metadata: 2016-05-20 23:45:00.742--ServerSession(1308109015)--Thread(Thread[main,5,main])--The access type for the persistent class [class auction.domain.Item] is set to [FIELD].
[EL Config]: metadata: 2016-05-20 23:45:00.742--ServerSession(1308109015)--Thread(Thread[main,5,main])--The target entity (reference) class for the many to one mapping element [field seller] is being defaulted to: class auction.domain.User.
[EL Config]: metadata: 2016-05-20 23:45:00.743--ServerSession(1308109015)--Thread(Thread[main,5,main])--The target entity (reference) class for the one to one mapping element [field highest] is being defaulted to: class auction.domain.Bid.
[EL Config]: metadata: 2016-05-20 23:45:00.744--ServerSession(1308109015)--Thread(Thread[main,5,main])--The target entity (reference) class for the many to one mapping element [field category] is being defaulted to: class auction.domain.Category.
[EL Config]: metadata: 2016-05-20 23:45:00.745--ServerSession(1308109015)--Thread(Thread[main,5,main])--The access type for the persistent class [class auction.domain.User] is set to [FIELD].
[EL Config]: metadata: 2016-05-20 23:45:00.745--ServerSession(1308109015)--Thread(Thread[main,5,main])--The access type for the persistent class [class auction.domain.Category] is set to [FIELD].
[EL Config]: metadata: 2016-05-20 23:45:00.746--ServerSession(1308109015)--Thread(Thread[main,5,main])--The target entity (reference) class for the one to many mapping element [field items] is being defaulted to: class auction.domain.Item.
[EL Config]: metadata: 2016-05-20 23:45:00.756--ServerSession(1308109015)--Thread(Thread[main,5,main])--The alias name for the entity class [class auction.domain.Bid] is being defaulted to: Bid.
[EL Config]: metadata: 2016-05-20 23:45:00.757--ServerSession(1308109015)--Thread(Thread[main,5,main])--The table name for entity [class auction.domain.Bid] is being defaulted to: BID.
[EL Config]: metadata: 2016-05-20 23:45:00.759--ServerSession(1308109015)--Thread(Thread[main,5,main])--The column name for element [amount] is being defaulted to: AMOUNT.
[EL Config]: metadata: 2016-05-20 23:45:00.76--ServerSession(1308109015)--Thread(Thread[main,5,main])--The column name for element [id] is being defaulted to: ID.
[EL Config]: metadata: 2016-05-20 23:45:00.761--ServerSession(1308109015)--Thread(Thread[main,5,main])--The column name for element [time] is being defaulted to: TIME.
</system-out>
  </testcase>
  <testcase classname="auction.service.RegistrationMgrTest" name="getUsers" time="0.042">
    <error message="
Exception Description: An exception was thrown while searching for persistence archives with ClassLoader: sun.misc.Launcher$AppClassLoader@12a3a380
Internal Exception: javax.persistence.PersistenceException: Exception [EclipseLink-28018] (Eclipse Persistence Services - 2.5.2.v20140319-9ad6abd): org.eclipse.persistence.exceptions.EntityManagerSetupException
Exception Description: Predeployment of PersistenceUnit [nl.fhict.se42_auction_jar_1.0-SNAPSHOTPU] failed.
Internal Exception: Exception [EclipseLink-7155] (Eclipse Persistence Services - 2.5.2.v20140319-9ad6abd): org.eclipse.persistence.exceptions.ValidationException
Exception Description: The type [class nl.fontys.util.FontysTime] for the attribute [time] on the entity class [class auction.domain.Bid] is not a valid type for a serialized mapping. The attribute type must implement the Serializable interface." type="Local Exception Stack">Local Exception Stack: 
Exception [EclipseLink-30005] (Eclipse Persistence Services - 2.5.2.v20140319-9ad6abd): org.eclipse.persistence.exceptions.PersistenceUnitLoadingException
Exception Description: An exception was thrown while searching for persistence archives with ClassLoader: sun.misc.Launcher$AppClassLoader@12a3a380
Internal Exception: javax.persistence.PersistenceException: Exception [EclipseLink-28018] (Eclipse Persistence Services - 2.5.2.v20140319-9ad6abd): org.eclipse.persistence.exceptions.EntityManagerSetupException
Exception Description: Predeployment of PersistenceUnit [nl.fhict.se42_auction_jar_1.0-SNAPSHOTPU] failed.
Internal Exception: Exception [EclipseLink-7155] (Eclipse Persistence Services - 2.5.2.v20140319-9ad6abd): org.eclipse.persistence.exceptions.ValidationException
Exception Description: The type [class nl.fontys.util.FontysTime] for the attribute [time] on the entity class [class auction.domain.Bid] is not a valid type for a serialized mapping. The attribute type must implement the Serializable interface.
	at org.eclipse.persistence.exceptions.PersistenceUnitLoadingException.exceptionSearchingForPersistenceResources(PersistenceUnitLoadingException.java:127)
	at org.eclipse.persistence.jpa.PersistenceProvider.createEntityManagerFactoryImpl(PersistenceProvider.java:107)
	at org.eclipse.persistence.jpa.PersistenceProvider.createEntityManagerFactory(PersistenceProvider.java:177)
	at javax.persistence.Persistence.createEntityManagerFactory(Persistence.java:79)
	at javax.persistence.Persistence.createEntityManagerFactory(Persistence.java:54)
	at auction.dao.UserDAOJPAImpl.&lt;init&gt;(UserDAOJPAImpl.java:16)
	at auction.service.RegistrationMgr.&lt;init&gt;(RegistrationMgr.java:14)
	at auction.service.RegistrationMgrTest.setUp(RegistrationMgrTest.java:22)
	at sun.reflect.NativeMethodAccessorImpl.invoke0(Native Method)
	at sun.reflect.NativeMethodAccessorImpl.invoke(NativeMethodAccessorImpl.java:62)
	at sun.reflect.DelegatingMethodAccessorImpl.invoke(DelegatingMethodAccessorImpl.java:43)
	at java.lang.reflect.Method.invoke(Method.java:497)
	at org.junit.runners.model.FrameworkMethod$1.runReflectiveCall(FrameworkMethod.java:47)
	at org.junit.internal.runners.model.ReflectiveCallable.run(ReflectiveCallable.java:12)
	at org.junit.runners.model.FrameworkMethod.invokeExplosively(FrameworkMethod.java:44)
	at org.junit.internal.runners.statements.RunBefores.evaluate(RunBefores.java:24)
	at org.junit.runners.ParentRunner.runLeaf(ParentRunner.java:271)
	at org.junit.runners.BlockJUnit4ClassRunner.runChild(BlockJUnit4ClassRunner.java:70)
	at org.junit.runners.BlockJUnit4ClassRunner.runChild(BlockJUnit4ClassRunner.java:50)
	at org.junit.runners.ParentRunner$3.run(ParentRunner.java:238)
	at org.junit.runners.ParentRunner$1.schedule(ParentRunner.java:63)
	at org.junit.runners.ParentRunner.runChildren(ParentRunner.java:236)
	at org.junit.runners.ParentRunner.access$000(ParentRunner.java:53)
	at org.junit.runners.ParentRunner$2.evaluate(ParentRunner.java:229)
	at org.junit.runners.ParentRunner.run(ParentRunner.java:309)
	at org.apache.maven.surefire.junit4.JUnit4TestSet.execute(JUnit4TestSet.java:53)
	at org.apache.maven.surefire.junit4.JUnit4Provider.executeTestSet(JUnit4Provider.java:123)
	at org.apache.maven.surefire.junit4.JUnit4Provider.invoke(JUnit4Provider.java:104)
	at sun.reflect.NativeMethodAccessorImpl.invoke0(Native Method)
	at sun.reflect.NativeMethodAccessorImpl.invoke(NativeMethodAccessorImpl.java:62)
	at sun.reflect.DelegatingMethodAccessorImpl.invoke(DelegatingMethodAccessorImpl.java:43)
	at java.lang.reflect.Method.invoke(Method.java:497)
	at org.apache.maven.surefire.util.ReflectionUtils.invokeMethodWithArray(ReflectionUtils.java:164)
	at org.apache.maven.surefire.booter.ProviderFactory$ProviderProxy.invoke(ProviderFactory.java:110)
	at org.apache.maven.surefire.booter.SurefireStarter.invokeProvider(SurefireStarter.java:175)
	at org.apache.maven.surefire.booter.SurefireStarter.runSuitesInProcessWhenForked(SurefireStarter.java:107)
	at org.apache.maven.surefire.booter.ForkedBooter.main(ForkedBooter.java:68)
Caused by: javax.persistence.PersistenceException: Exception [EclipseLink-28018] (Eclipse Persistence Services - 2.5.2.v20140319-9ad6abd): org.eclipse.persistence.exceptions.EntityManagerSetupException
Exception Description: Predeployment of PersistenceUnit [nl.fhict.se42_auction_jar_1.0-SNAPSHOTPU] failed.
Internal Exception: Exception [EclipseLink-7155] (Eclipse Persistence Services - 2.5.2.v20140319-9ad6abd): org.eclipse.persistence.exceptions.ValidationException
Exception Description: The type [class nl.fontys.util.FontysTime] for the attribute [time] on the entity class [class auction.domain.Bid] is not a valid type for a serialized mapping. The attribute type must implement the Serializable interface.
	at org.eclipse.persistence.internal.jpa.EntityManagerSetupImpl.createPredeployFailedPersistenceException(EntityManagerSetupImpl.java:1954)
	at org.eclipse.persistence.internal.jpa.EntityManagerSetupImpl.predeploy(EntityManagerSetupImpl.java:1945)
	at org.eclipse.persistence.internal.jpa.deployment.JPAInitializer.callPredeploy(JPAInitializer.java:98)
	at org.eclipse.persistence.jpa.PersistenceProvider.createEntityManagerFactoryImpl(PersistenceProvider.java:96)
	... 35 more
Caused by: Exception [EclipseLink-28018] (Eclipse Persistence Services - 2.5.2.v20140319-9ad6abd): org.eclipse.persistence.exceptions.EntityManagerSetupException
Exception Description: Predeployment of PersistenceUnit [nl.fhict.se42_auction_jar_1.0-SNAPSHOTPU] failed.
Internal Exception: Exception [EclipseLink-7155] (Eclipse Persistence Services - 2.5.2.v20140319-9ad6abd): org.eclipse.persistence.exceptions.ValidationException
Exception Description: The type [class nl.fontys.util.FontysTime] for the attribute [time] on the entity class [class auction.domain.Bid] is not a valid type for a serialized mapping. The attribute type must implement the Serializable interface.
	at org.eclipse.persistence.exceptions.EntityManagerSetupException.predeployFailed(EntityManagerSetupException.java:230)
	... 39 more
Caused by: Exception [EclipseLink-7155] (Eclipse Persistence Services - 2.5.2.v20140319-9ad6abd): org.eclipse.persistence.exceptions.ValidationException
Exception Description: The type [class nl.fontys.util.FontysTime] for the attribute [time] on the entity class [class auction.domain.Bid] is not a valid type for a serialized mapping. The attribute type must implement the Serializable interface.
	at org.eclipse.persistence.exceptions.ValidationException.invalidTypeForSerializedAttribute(ValidationException.java:1139)
	at org.eclipse.persistence.internal.jpa.metadata.converters.SerializedMetadata.process(SerializedMetadata.java:99)
	at org.eclipse.persistence.internal.jpa.metadata.accessors.mappings.MappingAccessor.processSerialized(MappingAccessor.java:1948)
	at org.eclipse.persistence.internal.jpa.metadata.accessors.mappings.MappingAccessor.processMappingConverter(MappingAccessor.java:1775)
	at org.eclipse.persistence.internal.jpa.metadata.accessors.mappings.MappingAccessor.processMappingValueConverter(MappingAccessor.java:1796)
	at org.eclipse.persistence.internal.jpa.metadata.accessors.mappings.BasicAccessor.process(BasicAccessor.java:419)
	at org.eclipse.persistence.internal.jpa.metadata.MetadataDescriptor.processMappingAccessors(MetadataDescriptor.java:1536)
	at org.eclipse.persistence.internal.jpa.metadata.accessors.classes.ClassAccessor.processMappingAccessors(ClassAccessor.java:1648)
	at org.eclipse.persistence.internal.jpa.metadata.accessors.classes.EntityAccessor.processMappingAccessors(EntityAccessor.java:1234)
	at org.eclipse.persistence.internal.jpa.metadata.accessors.classes.EntityAccessor.process(EntityAccessor.java:697)
	at org.eclipse.persistence.internal.jpa.metadata.MetadataProject.processStage2(MetadataProject.java:1793)
	at org.eclipse.persistence.internal.jpa.metadata.MetadataProcessor.processORMMetadata(MetadataProcessor.java:576)
	at org.eclipse.persistence.internal.jpa.deployment.PersistenceUnitProcessor.processORMetadata(PersistenceUnitProcessor.java:585)
	at org.eclipse.persistence.internal.jpa.EntityManagerSetupImpl.predeploy(EntityManagerSetupImpl.java:1869)
	... 37 more
</error>
    <system-out>[EL Config]: metadata: 2016-05-20 23:45:00.83--ServerSession(1634132079)--Thread(Thread[main,5,main])--The access type for the persistent class [class auction.domain.Bid] is set to [FIELD].
[EL Config]: metadata: 2016-05-20 23:45:00.833--ServerSession(1634132079)--Thread(Thread[main,5,main])--The target entity (reference) class for the many to one mapping element [field buyer] is being defaulted to: class auction.domain.User.
[EL Config]: metadata: 2016-05-20 23:45:00.833--ServerSession(1634132079)--Thread(Thread[main,5,main])--The access type for the persistent class [class auction.domain.Item] is set to [FIELD].
[EL Config]: metadata: 2016-05-20 23:45:00.834--ServerSession(1634132079)--Thread(Thread[main,5,main])--The target entity (reference) class for the many to one mapping element [field seller] is being defaulted to: class auction.domain.User.
[EL Config]: metadata: 2016-05-20 23:45:00.836--ServerSession(1634132079)--Thread(Thread[main,5,main])--The target entity (reference) class for the one to one mapping element [field highest] is being defaulted to: class auction.domain.Bid.
[EL Config]: metadata: 2016-05-20 23:45:00.838--ServerSession(1634132079)--Thread(Thread[main,5,main])--The target entity (reference) class for the many to one mapping element [field category] is being defaulted to: class auction.domain.Category.
[EL Config]: metadata: 2016-05-20 23:45:00.838--ServerSession(1634132079)--Thread(Thread[main,5,main])--The access type for the persistent class [class auction.domain.User] is set to [FIELD].
[EL Config]: metadata: 2016-05-20 23:45:00.839--ServerSession(1634132079)--Thread(Thread[main,5,main])--The access type for the persistent class [class auction.domain.Category] is set to [FIELD].
[EL Config]: metadata: 2016-05-20 23:45:00.84--ServerSession(1634132079)--Thread(Thread[main,5,main])--The target entity (reference) class for the one to many mapping element [field items] is being defaulted to: class auction.domain.Item.
[EL Config]: metadata: 2016-05-20 23:45:00.841--ServerSession(1634132079)--Thread(Thread[main,5,main])--The alias name for the entity class [class auction.domain.Bid] is being defaulted to: Bid.
[EL Config]: metadata: 2016-05-20 23:45:00.841--ServerSession(1634132079)--Thread(Thread[main,5,main])--The table name for entity [class auction.domain.Bid] is being defaulted to: BID.
[EL Config]: metadata: 2016-05-20 23:45:00.841--ServerSession(1634132079)--Thread(Thread[main,5,main])--The column name for element [amount] is being defaulted to: AMOUNT.
[EL Config]: metadata: 2016-05-20 23:45:00.842--ServerSession(1634132079)--Thread(Thread[main,5,main])--The column name for element [id] is being defaulted to: ID.
[EL Config]: metadata: 2016-05-20 23:45:00.842--ServerSession(1634132079)--Thread(Thread[main,5,main])--The column name for element [time] is being defaulted to: TIME.
</system-out>
  </testcase>
</testsuite>